<?xml version="1.0" encoding="utf-8"?><testsuites name="pytest tests"><testsuite name="pytest" errors="0" failures="0" skipped="0" tests="236" time="6.963" timestamp="2026-08-25T00:28:21.215262+02:00" hostname="DESKTOP-90S7T2D"><testcase classname="tests.test_grammar" name="test_corpus_envelope" time="0.267" /><testcase classname="tests.test_grammar" name="test_corpus_declarations" time="0.240" /><testcase classname="tests.test_grammar" name="test_corpus_members" time="0.258" /><testcase classname="tests.test_grammar" name="test_corpus_relations" time="0.240" /><testcase classname="tests.test_grammar" name="test_corpus_grouping" time="0.245" /><testcase classname="tests.test_grammar" name="test_corpus_comments" time="0.250" /><testcase classname="tests.test_grammar" name="test_corpus_frontier" time="0.252" /><testcase classname="tests.test_grammar" name="test_corpus_notes" time="0.240" /><testcase classname="tests.test_grammar" name="test_corpus_display" time="0.256" /><testcase classname="tests.test_grammar" name="test_corpus_separators" time="0.234" /><testcase classname="tests.test_grammar" name="test_corpus_names" time="0.235" /><testcase classname="tests.test_grammar" name="test_corpus_participants" time="0.237" /><testcase classname="tests.test_grammar" name="test_corpus_frames" time="0.233" /><testcase classname="tests.test_grammar" name="test_corpus_dividers" time="0.237" /><testcase classname="tests.test_grammar" name="test_corpus_cpp_members" time="0.233" /><testcase classname="tests.test_grammar" name="test_corpus_standard" time="0.239" /><testcase classname="tests.test_grammar" name="test_corpus_fallback" time="0.229" /><testcase classname="tests.test_grammar" name="test_corpus_seq_standard" time="0.233" /><testcase classname="tests.test_grammar" name="test_corpus_activity" time="0.250" /><testcase classname="tests.test_packaging" name="test_wheel_builds" time="0.669" /><testcase classname="tests.test_queries" name="test_queries_reference_known_nodes[folds.scm]" time="0.220" /><testcase classname="tests.test_queries" name="test_queries_reference_known_nodes[highlights.scm]" time="0.232" /><testcase classname="tests.test_queries" name="test_queries_reference_known_nodes[indents.scm]" time="0.222" /><testcase classname="tests.test_queries" name="test_all_editor_queries_ship" time="0.000" /><testcase classname="tests.test_round_trip" name="test_token_coverage[activity::activity closers are raw at diagram level]" time="0.827" /><testcase classname="tests.test_round_trip" name="test_token_coverage[activity::braced group is raw while braceless group stays a frame]" time="0.000" /><testcase classname="tests.test_round_trip" name="test_token_coverage[comments::comments]" time="0.000" /><testcase classname="tests.test_round_trip" name="test_token_coverage[cpp-members::cpp destructor and operator members]" time="0.000" /><testcase classname="tests.test_round_trip" name="test_token_coverage[declarations::abstract class, interface and enum]" time="0.000" /><testcase classname="tests.test_round_trip" name="test_token_coverage[declarations::colored declaration]" time="0.000" /><testcase classname="tests.test_round_trip" name="test_token_coverage[declarations::extends and implements clauses]" time="0.000" /><testcase classname="tests.test_round_trip" name="test_token_coverage[declarations::quoted name with alias, generics and stereotype]" time="0.000" /><testcase classname="tests.test_round_trip" name="test_token_coverage[declarations::simple class]" time="0.000" /><testcase classname="tests.test_round_trip" name="test_token_coverage[display::hide and show directives]" time="0.000" /><testcase classname="tests.test_round_trip" name="test_token_coverage[display::remove and restore directives]" time="0.000" /><testcase classname="tests.test_round_trip" name="test_token_coverage[dividers::section dividers]" time="0.000" /><testcase classname="tests.test_round_trip" name="test_token_coverage[envelope::empty diagram]" time="0.000" /><testcase classname="tests.test_round_trip" name="test_token_coverage[envelope::named diagram]" time="0.000" /><testcase classname="tests.test_round_trip" name="test_token_coverage[examples::classes.puml]" time="0.001" /><testcase classname="tests.test_round_trip" name="test_token_coverage[examples::standard/activity-flow.puml]" time="0.000" /><testcase classname="tests.test_round_trip" name="test_token_coverage[examples::standard/activity-parallel.puml]" time="0.000" /><testcase classname="tests.test_round_trip" name="test_token_coverage[examples::standard/activity-structure.puml]" time="0.000" /><testcase classname="tests.test_round_trip" name="test_token_coverage[examples::standard/advanced-links.puml]" time="0.000" /><testcase classname="tests.test_round_trip" name="test_token_coverage[examples::standard/direction.puml]" time="0.000" /><testcase classname="tests.test_round_trip" name="test_token_coverage[examples::standard/display.puml]" time="0.000" /><testcase classname="tests.test_round_trip" name="test_token_coverage[examples::standard/elements.puml]" time="0.000" /><testcase classname="tests.test_round_trip" name="test_token_coverage[examples::standard/members.puml]" time="0.000" /><testcase classname="tests.test_round_trip" name="test_token_coverage[examples::standard/notes.puml]" time="0.000" /><testcase classname="tests.test_round_trip" name="test_token_coverage[examples::standard/packages.puml]" time="0.000" /><testcase classname="tests.test_round_trip" name="test_token_coverage[examples::standard/relations.puml]" time="0.000" /><testcase classname="tests.test_round_trip" name="test_token_coverage[examples::standard/sequence-arrows.puml]" time="0.000" /><testcase classname="tests.test_round_trip" name="test_token_coverage[examples::standard/sequence-boundaries.puml]" time="0.000" /><testcase classname="tests.test_round_trip" name="test_token_coverage[examples::standard/sequence-lifecycle.puml]" time="0.000" /><testcase classname="tests.test_round_trip" name="test_token_coverage[examples::standard/sequence-notes.puml]" time="0.000" /><testcase classname="tests.test_round_trip" name="test_token_coverage[examples::standard/sequence-participants.puml]" time="0.000" /><testcase classname="tests.test_round_trip" name="test_token_coverage[examples::standard/sequence-structure.puml]" time="0.000" /><testcase classname="tests.test_round_trip" name="test_token_coverage[examples::standard/skinparams.puml]" time="0.000" /><testcase classname="tests.test_round_trip" name="test_token_coverage[examples::standard/special.puml]" time="0.000" /><testcase classname="tests.test_round_trip" name="test_token_coverage[examples::standard/stereotypes.puml]" time="0.000" /><testcase classname="tests.test_round_trip" name="test_token_coverage[examples::standard/styling.puml]" time="0.000" /><testcase classname="tests.test_round_trip" name="test_token_coverage[fallback::fallback beyond cardinalities and qualifiers]" time="0.000" /><testcase classname="tests.test_round_trip" name="test_token_coverage[fallback::fallback inside grouping blocks]" time="0.000" /><testcase classname="tests.test_round_trip" name="test_token_coverage[fallback::structural lines stay structural next to fallback lines]" time="0.000" /><testcase classname="tests.test_round_trip" name="test_token_coverage[fallback::unknown identifier-headed statements fall back to raw]" time="0.000" /><testcase classname="tests.test_round_trip" name="test_token_coverage[frames::alt with else clauses]" time="0.000" /><testcase classname="tests.test_round_trip" name="test_token_coverage[frames::bare group frames]" time="0.000" /><testcase classname="tests.test_round_trip" name="test_token_coverage[frames::nested loop inside alt]" time="0.000" /><testcase classname="tests.test_round_trip" name="test_token_coverage[frontier::raw blocks: legend, header and footer pass through]" time="0.000" /><testcase classname="tests.test_round_trip" name="test_token_coverage[frontier::raw_line frontier: unsupported statements pass through]" time="0.000" /><testcase classname="tests.test_round_trip" name="test_token_coverage[frontier::sequence frames pass through]" time="0.000" /><testcase classname="tests.test_round_trip" name="test_token_coverage[frontier::skinparam block passes through]" time="0.000" /><testcase classname="tests.test_round_trip" name="test_token_coverage[grouping::bodyless namespace declaration]" time="0.000" /><testcase classname="tests.test_round_trip" name="test_token_coverage[grouping::package and namespace blocks]" time="0.000" /><testcase classname="tests.test_round_trip" name="test_token_coverage[grouping::together block]" time="0.000" /><testcase classname="tests.test_round_trip" name="test_token_coverage[members::class with body, visibility and modifiers]" time="0.000" /><testcase classname="tests.test_round_trip" name="test_token_coverage[members::free-text member lines]" time="0.000" /><testcase classname="tests.test_round_trip" name="test_token_coverage[names::hyphenated dotted identifiers]" time="0.000" /><testcase classname="tests.test_round_trip" name="test_token_coverage[names::quoted-qualified reference]" time="0.000" /><testcase classname="tests.test_round_trip" name="test_token_coverage[notes::block note with target]" time="0.000" /><testcase classname="tests.test_round_trip" name="test_token_coverage[notes::floating block note without quotes]" time="0.000" /><testcase classname="tests.test_round_trip" name="test_token_coverage[notes::floating note with alias]" time="0.000" /><testcase classname="tests.test_round_trip" name="test_token_coverage[notes::member-qualified note target]" time="0.000" /><testcase classname="tests.test_round_trip" name="test_token_coverage[notes::note on link]" time="0.000" /><testcase classname="tests.test_round_trip" name="test_token_coverage[notes::note over entities]" time="0.000" /><testcase classname="tests.test_round_trip" name="test_token_coverage[notes::positional note without target]" time="0.000" /><testcase classname="tests.test_round_trip" name="test_token_coverage[notes::positioned block note on link]" time="0.000" /><testcase classname="tests.test_round_trip" name="test_token_coverage[notes::single-line targeted note]" time="0.000" /><testcase classname="tests.test_round_trip" name="test_token_coverage[participants::participant declarations]" time="0.000" /><testcase classname="tests.test_round_trip" name="test_token_coverage[relations::relations]" time="0.000" /><testcase classname="tests.test_round_trip" name="test_token_coverage[separators::member group separators]" time="0.000" /><testcase classname="tests.test_round_trip" name="test_token_coverage[seq-standard::activation shorthands]" time="0.000" /><testcase classname="tests.test_round_trip" name="test_token_coverage[seq-standard::arrow tails never eat identifier heads]" time="0.000" /><testcase classname="tests.test_round_trip" name="test_token_coverage[seq-standard::block closers reach raw]" time="0.000" /><testcase classname="tests.test_round_trip" name="test_token_coverage[seq-standard::boundary messages]" time="0.000" /><testcase classname="tests.test_round_trip" name="test_token_coverage[seq-standard::participant decorations]" time="0.000" /><testcase classname="tests.test_round_trip" name="test_token_coverage[seq-standard::sequence arrow decorations]" time="0.000" /><testcase classname="tests.test_round_trip" name="test_token_coverage[seq-standard::sequence note variants]" time="0.000" /><testcase classname="tests.test_round_trip" name="test_token_coverage[standard::colon members]" time="0.000" /><testcase classname="tests.test_round_trip" name="test_token_coverage[standard::decorated relation operators]" time="0.000" /><testcase classname="tests.test_round_trip" name="test_token_coverage[standard::entity tags]" time="0.000" /><testcase classname="tests.test_round_trip" name="test_token_coverage[standard::extended entity kinds]" time="0.000" /><testcase classname="tests.test_round_trip" name="test_token_coverage[standard::field method and classifier modifiers]" time="0.000" /><testcase classname="tests.test_round_trip" name="test_token_coverage[standard::member endpoint relations]" time="0.000" /><testcase classname="tests.test_round_trip" name="test_token_coverage[standard::package color]" time="0.000" /><testcase classname="tests.test_round_trip" name="test_token_coverage[standard::package-private visibility member]" time="0.000" /><testcase classname="tests.test_round_trip" name="test_token_coverage[standard::qualified association]" time="0.000" /><testcase classname="tests.test_round_trip" name="test_token_coverage[standard::relation inline style color]" time="0.000" /><testcase classname="tests.test_round_trip" name="test_token_coverage[standard::role-slash cardinalities]" time="0.000" /><testcase classname="tests.test_standard_coverage" name="test_standard_file_is_error_free[activity-flow.puml]" time="0.000" /><testcase classname="tests.test_standard_coverage" name="test_standard_file_is_error_free[activity-parallel.puml]" time="0.000" /><testcase classname="tests.test_standard_coverage" name="test_standard_file_is_error_free[activity-structure.puml]" time="0.000" /><testcase classname="tests.test_standard_coverage" name="test_standard_file_is_error_free[advanced-links.puml]" time="0.000" /><testcase classname="tests.test_standard_coverage" name="test_standard_file_is_error_free[direction.puml]" time="0.000" /><testcase classname="tests.test_standard_coverage" name="test_standard_file_is_error_free[display.puml]" time="0.000" /><testcase classname="tests.test_standard_coverage" name="test_standard_file_is_error_free[elements.puml]" time="0.000" /><testcase classname="tests.test_standard_coverage" name="test_standard_file_is_error_free[members.puml]" time="0.000" /><testcase classname="tests.test_standard_coverage" name="test_standard_file_is_error_free[notes.puml]" time="0.000" /><testcase classname="tests.test_standard_coverage" name="test_standard_file_is_error_free[packages.puml]" time="0.000" /><testcase classname="tests.test_standard_coverage" name="test_standard_file_is_error_free[relations.puml]" time="0.000" /><testcase classname="tests.test_standard_coverage" name="test_standard_file_is_error_free[sequence-arrows.puml]" time="0.000" /><testcase classname="tests.test_standard_coverage" name="test_standard_file_is_error_free[sequence-boundaries.puml]" time="0.000" /><testcase classname="tests.test_standard_coverage" name="test_standard_file_is_error_free[sequence-lifecycle.puml]" time="0.000" /><testcase classname="tests.test_standard_coverage" name="test_standard_file_is_error_free[sequence-notes.puml]" time="0.000" /><testcase classname="tests.test_standard_coverage" name="test_standard_file_is_error_free[sequence-participants.puml]" time="0.000" /><testcase classname="tests.test_standard_coverage" name="test_standard_file_is_error_free[sequence-structure.puml]" time="0.000" /><testcase classname="tests.test_standard_coverage" name="test_standard_file_is_error_free[skinparams.puml]" time="0.000" /><testcase classname="tests.test_standard_coverage" name="test_standard_file_is_error_free[special.puml]" time="0.001" /><testcase classname="tests.test_standard_coverage" name="test_standard_file_is_error_free[stereotypes.puml]" time="0.000" /><testcase classname="tests.test_standard_coverage" name="test_standard_file_is_error_free[styling.puml]" time="0.000" /><testcase classname="tests.test_standard_coverage" name="test_construct_maps_to_intended_node[elements.puml:annotation SuppressWarnings]" time="0.000" /><testcase classname="tests.test_standard_coverage" name="test_construct_maps_to_intended_node[elements.puml:exception OutOfRange]" time="0.000" /><testcase classname="tests.test_standard_coverage" name="test_construct_maps_to_intended_node[elements.puml:metaclass MetaCls]" time="0.000" /><testcase classname="tests.test_standard_coverage" name="test_construct_maps_to_intended_node[elements.puml:protocol Speaks]" time="0.000" /><testcase classname="tests.test_standard_coverage" name="test_construct_maps_to_intended_node[elements.puml:struct Point]" time="0.000" /><testcase classname="tests.test_standard_coverage" name="test_construct_maps_to_intended_node[elements.puml:record Pair]" time="0.000" /><testcase classname="tests.test_standard_coverage" name="test_construct_maps_to_intended_node[elements.puml:dataclass Config]" time="0.000" /><testcase classname="tests.test_standard_coverage" name="test_construct_maps_to_intended_node[elements.puml:entity Row]" time="0.000" /><testcase classname="tests.test_standard_coverage" name="test_construct_maps_to_intended_node[elements.puml:circle Dot]" time="0.000" /><testcase classname="tests.test_standard_coverage" name="test_construct_maps_to_intended_node[elements.puml:() DotShort]" time="0.000" /><testcase classname="tests.test_standard_coverage" name="test_construct_maps_to_intended_node[elements.puml:diamond Dec]" time="0.000" /><testcase classname="tests.test_standard_coverage" name="test_construct_maps_to_intended_node[elements.puml:&lt;&gt; DecShort]" time="0.000" /><testcase classname="tests.test_standard_coverage" name="test_construct_maps_to_intended_node[elements.puml:class $Dollar]" time="0.000" /><testcase classname="tests.test_standard_coverage" name="test_construct_maps_to_intended_node[elements.puml:class &quot;$Quoted&quot; as dollarQ]" time="0.000" /><testcase classname="tests.test_standard_coverage" name="test_construct_maps_to_intended_node[relations.puml:User &quot;owner&quot;/1 -- &quot;0..n&quot;/ite]" time="0.000" /><testcase classname="tests.test_standard_coverage" name="test_construct_maps_to_intended_node[relations.puml:Aaa o--&gt; Factory : #factory]" time="0.000" /><testcase classname="tests.test_standard_coverage" name="test_construct_maps_to_intended_node[members.puml:Object : equals()]" time="0.000" /><testcase classname="tests.test_standard_coverage" name="test_construct_maps_to_intended_node[members.puml:Object : -hash : int]" time="0.000" /><testcase classname="tests.test_standard_coverage" name="test_construct_maps_to_intended_node[members.puml:{field} A field]" time="0.000" /><testcase classname="tests.test_standard_coverage" name="test_construct_maps_to_intended_node[members.puml:{method} Some method]" time="0.000" /><testcase classname="tests.test_standard_coverage" name="test_construct_maps_to_intended_node[members.puml:~packagePrivateField : int]" time="0.000" /><testcase classname="tests.test_standard_coverage" name="test_construct_maps_to_intended_node[members.puml:{classifier} String classId]" time="0.000" /><testcase classname="tests.test_standard_coverage" name="test_construct_maps_to_intended_node[members.puml:-class &quot;private Class&quot;]" time="0.000" /><testcase classname="tests.test_standard_coverage" name="test_construct_maps_to_intended_node[members.puml:+class PublicClass]" time="0.000" /><testcase classname="tests.test_standard_coverage" name="test_construct_maps_to_intended_node[stereotypes.puml:class Tagged $tag13]" time="0.000" /><testcase classname="tests.test_standard_coverage" name="test_construct_maps_to_intended_node[stereotypes.puml:class DoubleTag $tag1 $tag2]" time="0.000" /><testcase classname="tests.test_standard_coverage" name="test_construct_maps_to_intended_node[packages.puml:package &quot;Classic Collections]" time="0.000" /><testcase classname="tests.test_standard_coverage" name="test_construct_maps_to_intended_node[packages.puml:foo1.foo2 +-- foo1.foo2.foo3]" time="0.000" /><testcase classname="tests.test_standard_coverage" name="test_construct_maps_to_intended_node[packages.puml:set separator ::]" time="0.000" /><testcase classname="tests.test_standard_coverage" name="test_construct_maps_to_intended_node[packages.puml:!pragma useIntermediatePacka]" time="0.000" /><testcase classname="tests.test_standard_coverage" name="test_construct_maps_to_intended_node[direction.puml:left to right direction]" time="0.000" /><testcase classname="tests.test_standard_coverage" name="test_construct_maps_to_intended_node[direction.puml:top to bottom direction]" time="0.000" /><testcase classname="tests.test_standard_coverage" name="test_construct_maps_to_intended_node[direction.puml:foo -l-&gt; b5]" time="0.001" /><testcase classname="tests.test_standard_coverage" name="test_construct_maps_to_intended_node[direction.puml:foo -d-&gt; b6]" time="0.000" /><testcase classname="tests.test_standard_coverage" name="test_construct_maps_to_intended_node[advanced-links.puml:bar ()- foo]" time="0.000" /><testcase classname="tests.test_standard_coverage" name="test_construct_maps_to_intended_node[advanced-links.puml:bar2 ()-- foo]" time="0.000" /><testcase classname="tests.test_standard_coverage" name="test_construct_maps_to_intended_node[advanced-links.puml:foo -() bar3]" time="0.000" /><testcase classname="tests.test_standard_coverage" name="test_construct_maps_to_intended_node[advanced-links.puml:(Student, Course) .. Enrollm]" time="0.000" /><testcase classname="tests.test_standard_coverage" name="test_construct_maps_to_intended_node[advanced-links.puml:class1 [Qualifier] - class2]" time="0.000" /><testcase classname="tests.test_standard_coverage" name="test_construct_maps_to_intended_node[advanced-links.puml:Shop [customerId] ---&gt; &quot;1&quot; C]" time="0.000" /><testcase classname="tests.test_standard_coverage" name="test_construct_maps_to_intended_node[advanced-links.puml:Foo::field1 --&gt; Bar::field3]" time="0.000" /><testcase classname="tests.test_standard_coverage" name="test_construct_maps_to_intended_node[styling.puml:foo -[bold]-&gt; bar1]" time="0.000" /><testcase classname="tests.test_standard_coverage" name="test_construct_maps_to_intended_node[styling.puml:foo -[#red,dashed,thickness=]" time="0.000" /><testcase classname="tests.test_standard_coverage" name="test_construct_maps_to_intended_node[styling.puml:foo --&gt; bar9 #line:red;line.]" time="0.000" /><testcase classname="tests.test_standard_coverage" name="test_construct_maps_to_intended_node[styling.puml:class Demo3 #back:lightgreen]" time="0.000" /><testcase classname="tests.test_standard_coverage" name="test_construct_maps_to_intended_node[skinparams.puml:page 2x2]" time="0.000" /><testcase classname="tests.test_standard_coverage" name="test_construct_maps_to_intended_node[skinparams.puml:skinparam stereotypeCBackgro]" time="0.000" /><testcase classname="tests.test_standard_coverage" name="test_construct_maps_to_intended_node[special.puml:json JSON {]" time="0.000" /><testcase classname="tests.test_standard_coverage" name="test_construct_maps_to_intended_node[special.puml:&quot;fruit&quot;: &quot;Apple&quot;,]" time="0.000" /><testcase classname="tests.test_standard_coverage" name="test_construct_maps_to_intended_node[sequence-arrows.puml:Bob -&gt;&gt; Alice]" time="0.000" /><testcase classname="tests.test_standard_coverage" name="test_construct_maps_to_intended_node[sequence-arrows.puml:Bob -\\ Alice]" time="0.001" /><testcase classname="tests.test_standard_coverage" name="test_construct_maps_to_intended_node[sequence-arrows.puml:Bob -&gt;x Alice]" time="0.001" /><testcase classname="tests.test_standard_coverage" name="test_construct_maps_to_intended_node[sequence-arrows.puml:Bob o-&gt;o Alice]" time="0.001" /><testcase classname="tests.test_standard_coverage" name="test_construct_maps_to_intended_node[sequence-arrows.puml:A -&gt;(10) B]" time="0.001" /><testcase classname="tests.test_standard_coverage" name="test_construct_maps_to_intended_node[sequence-participants.puml:actor Bob #red]" time="0.001" /><testcase classname="tests.test_standard_coverage" name="test_construct_maps_to_intended_node[sequence-participants.puml:participant Last order 30]" time="0.001" /><testcase classname="tests.test_standard_coverage" name="test_construct_maps_to_intended_node[sequence-participants.puml:participant Spot &lt;&lt; (C,#ADD1]" time="0.001" /><testcase classname="tests.test_standard_coverage" name="test_construct_maps_to_intended_node[sequence-participants.puml:participant Multi []" time="0.001" /><testcase classname="tests.test_standard_coverage" name="test_construct_maps_to_intended_node[sequence-lifecycle.puml:Alice -&gt; Bob ++ : activate t]" time="0.001" /><testcase classname="tests.test_standard_coverage" name="test_construct_maps_to_intended_node[sequence-lifecycle.puml:Alice -&gt; Bob !! : destroy ta]" time="0.001" /><testcase classname="tests.test_standard_coverage" name="test_construct_maps_to_intended_node[sequence-lifecycle.puml:activate Alice]" time="0.001" /><testcase classname="tests.test_standard_coverage" name="test_construct_maps_to_intended_node[sequence-lifecycle.puml:return result]" time="0.001" /><testcase classname="tests.test_standard_coverage" name="test_construct_maps_to_intended_node[sequence-lifecycle.puml:autonumber 10 5]" time="0.001" /><testcase classname="tests.test_standard_coverage" name="test_construct_maps_to_intended_node[sequence-boundaries.puml:[-&gt; Bob : incoming]" time="0.001" /><testcase classname="tests.test_standard_coverage" name="test_construct_maps_to_intended_node[sequence-boundaries.puml:?-&gt; Alice : short in]" time="0.001" /><testcase classname="tests.test_standard_coverage" name="test_construct_maps_to_intended_node[sequence-boundaries.puml:Bob -&gt;] : outgoing]" time="0.001" /><testcase classname="tests.test_standard_coverage" name="test_construct_maps_to_intended_node[sequence-boundaries.puml:Bob -&gt;? : short out]" time="0.001" /><testcase classname="tests.test_standard_coverage" name="test_construct_maps_to_intended_node[sequence-boundaries.puml:Bob x&lt;-] : who knows]" time="0.001" /><testcase classname="tests.test_standard_coverage" name="test_construct_maps_to_intended_node[sequence-structure.puml:mainframe This is mainframe]" time="0.001" /><testcase classname="tests.test_standard_coverage" name="test_construct_maps_to_intended_node[sequence-structure.puml:ref over Alice : see other d]" time="0.001" /><testcase classname="tests.test_standard_coverage" name="test_construct_maps_to_intended_node[sequence-structure.puml:end ref]" time="0.001" /><testcase classname="tests.test_standard_coverage" name="test_construct_maps_to_intended_node[sequence-structure.puml:...5 minutes later...]" time="0.001" /><testcase classname="tests.test_standard_coverage" name="test_construct_maps_to_intended_node[sequence-structure.puml:||45||]" time="0.001" /><testcase classname="tests.test_standard_coverage" name="test_construct_maps_to_intended_node[sequence-structure.puml:box &quot;Internal Service&quot; #Ligh]" time="0.001" /><testcase classname="tests.test_standard_coverage" name="test_construct_maps_to_intended_node[sequence-structure.puml:end box]" time="0.001" /><testcase classname="tests.test_standard_coverage" name="test_construct_maps_to_intended_node[sequence-notes.puml:note right of Alice #aqua : ]" time="0.001" /><testcase classname="tests.test_standard_coverage" name="test_construct_maps_to_intended_node[sequence-notes.puml:note across : spanning note]" time="0.001" /><testcase classname="tests.test_standard_coverage" name="test_construct_maps_to_intended_node[sequence-notes.puml:hnote over Alice : hexagon]" time="0.001" /><testcase classname="tests.test_standard_coverage" name="test_construct_maps_to_intended_node[sequence-notes.puml:/ note over Bob : aligned se]" time="0.001" /><testcase classname="tests.test_standard_coverage" name="test_construct_maps_to_intended_node[activity-flow.puml::first action;]" time="0.001" /><testcase classname="tests.test_standard_coverage" name="test_construct_maps_to_intended_node[activity-flow.puml:#pink:colored action;]" time="0.001" /><testcase classname="tests.test_standard_coverage" name="test_construct_maps_to_intended_node[activity-flow.puml:if (condition?) then (yes)]" time="0.001" /><testcase classname="tests.test_standard_coverage" name="test_construct_maps_to_intended_node[activity-flow.puml:elseif (other?) then (maybe)]" time="0.001" /><testcase classname="tests.test_standard_coverage" name="test_construct_maps_to_intended_node[activity-flow.puml:else (no)]" time="0.001" /><testcase classname="tests.test_standard_coverage" name="test_construct_maps_to_intended_node[activity-flow.puml:endif]" time="0.001" /><testcase classname="tests.test_standard_coverage" name="test_construct_maps_to_intended_node[activity-flow.puml:switch (test?)]" time="0.001" /><testcase classname="tests.test_standard_coverage" name="test_construct_maps_to_intended_node[activity-flow.puml:endswitch]" time="0.001" /><testcase classname="tests.test_standard_coverage" name="test_construct_maps_to_intended_node[activity-flow.puml:while (more?) is (yes)]" time="0.001" /><testcase classname="tests.test_standard_coverage" name="test_construct_maps_to_intended_node[activity-flow.puml:repeat while (again?)]" time="0.001" /><testcase classname="tests.test_standard_coverage" name="test_construct_maps_to_intended_node[activity-flow.puml:backward:go back;]" time="0.001" /><testcase classname="tests.test_standard_coverage" name="test_construct_maps_to_intended_node[activity-flow.puml:break]" time="0.001" /><testcase classname="tests.test_standard_coverage" name="test_construct_maps_to_intended_node[activity-flow.puml:stop]" time="0.001" /><testcase classname="tests.test_standard_coverage" name="test_construct_maps_to_intended_node[activity-flow.puml:end]" time="0.001" /><testcase classname="tests.test_standard_coverage" name="test_construct_maps_to_intended_node[activity-parallel.puml:fork again]" time="0.001" /><testcase classname="tests.test_standard_coverage" name="test_construct_maps_to_intended_node[activity-parallel.puml:end fork {or}]" time="0.001" /><testcase classname="tests.test_standard_coverage" name="test_construct_maps_to_intended_node[activity-parallel.puml:end merge]" time="0.001" /><testcase classname="tests.test_standard_coverage" name="test_construct_maps_to_intended_node[activity-parallel.puml:end split]" time="0.001" /><testcase classname="tests.test_standard_coverage" name="test_construct_maps_to_intended_node[activity-parallel.puml:label mylabel]" time="0.001" /><testcase classname="tests.test_standard_coverage" name="test_construct_maps_to_intended_node[activity-parallel.puml:goto mylabel]" time="0.000" /><testcase classname="tests.test_standard_coverage" name="test_construct_maps_to_intended_node[activity-parallel.puml:(A)]" time="0.000" /><testcase classname="tests.test_standard_coverage" name="test_construct_maps_to_intended_node[activity-structure.puml:|Swimlane1|]" time="0.001" /><testcase classname="tests.test_standard_coverage" name="test_construct_maps_to_intended_node[activity-structure.puml:-&gt; arrow label;]" time="0.001" /><testcase classname="tests.test_standard_coverage" name="test_construct_maps_to_intended_node[activity-structure.puml:partition Initialization {]" time="0.001" /><testcase classname="tests.test_standard_coverage" name="test_construct_maps_to_intended_node[activity-structure.puml:group MyGroup {]" time="0.000" /><testcase classname="tests.test_standard_coverage" name="test_construct_maps_to_intended_node[activity-structure.puml:package Deployment {]" time="0.000" /><testcase classname="tests.test_standard_coverage" name="test_construct_maps_to_intended_node[activity-structure.puml:floating note left : floatin]" time="0.000" /><testcase classname="tests.test_standard_coverage" name="test_construct_maps_to_intended_node[activity-structure.puml::action with stereotype; &lt;&lt;p]" time="0.000" /></testsuite></testsuites>
